# JRE version: OpenJDK Runtime Environment Temurin-21.0.10+7 (21.0.10+7) (build 21.0.10+7-LTS)
# Java VM: OpenJDK 64-Bit Server VM Temurin-21.0.10+7 (21.0.10+7-LTS, mixed mode, sharing, tiered, compressed oops, compressed class ptrs, parallel gc, windows-amd64)
GC Precious Log:
 CardTable entry size: 512
 CPUs: 8 total, 8 available
 Memory: 6030M
 Large Page Support: Disabled
 NUMA Support: Disabled
 Compressed Oops: Enabled (32-bit)
 Alignments: Space 512K, Generation 512K, Heap 2M
 Heap Min Capacity: 100M
 Heap Initial Capacity: 100M
 Heap Max Capacity: 2G
 Pre-touch: Disabled
 Parallel Workers: 8
Heap:
 PSYoungGen      total 10752K, used 6364K [0x00000000d5580000, 0x00000000d6200000, 0x0000000100000000)
  eden space 9728K, 57% used [0x00000000d5580000,0x00000000d5af5e90,0x00000000d5f00000)
  from space 1024K, 75% used [0x00000000d6100000,0x00000000d61c1210,0x00000000d6200000)
  to   space 1536K, 0% used [0x00000000d5f00000,0x00000000d5f00000,0x00000000d6080000)
 ParOldGen       total 770048K, used 330844K [0x0000000080000000, 0x00000000af000000, 0x00000000d5580000)
  object space 770048K, 42% used [0x0000000080000000,0x0000000094317320,0x00000000af000000)
 Metaspace       used 91031K, committed 92736K, reserved 1179648K
  class space    used 9290K, committed 10048K, reserved 1048576K
GC Heap History (20 events):
Event: 6624.418 GC heap before
{Heap before GC invocations=1212 (full 5):
 PSYoungGen      total 10240K, used 10240K [0x00000000d5580000, 0x00000000d6280000, 0x0000000100000000)
  eden space 9728K, 100% used [0x00000000d5580000,0x00000000d5f00000,0x00000000d5f00000)
  from space 512K, 100% used [0x00000000d6200000,0x00000000d6280000,0x00000000d6280000)
  to   space 1536K, 0% used [0x00000000d5f80000,0x00000000d5f80000,0x00000000d6100000)
 ParOldGen       total 770048K, used 322947K [0x0000000080000000, 0x00000000af000000, 0x00000000d5580000)
  object space 770048K, 41% used [0x0000000080000000,0x0000000093b60db0,0x00000000af000000)
 Metaspace       used 90892K, committed 92608K, reserved 1179648K
  class space    used 9285K, committed 10048K, reserved 1048576K
}
Event: 6624.422 GC heap after
{Heap after GC invocations=1212 (full 5):
 PSYoungGen      total 11264K, used 704K [0x00000000d5580000, 0x00000000d6280000, 0x0000000100000000)
  eden space 9728K, 0% used [0x00000000d5580000,0x00000000d5580000,0x00000000d5f00000)
  from space 1536K, 45% used [0x00000000d5f80000,0x00000000d6030000,0x00000000d6100000)
  to   space 1024K, 0% used [0x00000000d6180000,0x00000000d6180000,0x00000000d6280000)
 ParOldGen       total 770048K, used 323489K [0x0000000080000000, 0x00000000af000000, 0x00000000d5580000)
  object space 770048K, 42% used [0x0000000080000000,0x0000000093be8460,0x00000000af000000)
 Metaspace       used 90892K, committed 92608K, reserved 1179648K
  class space    used 9285K, committed 10048K, reserved 1048576K
}
Event: 6624.438 GC heap before
{Heap before GC invocations=1213 (full 5):
 PSYoungGen      total 11264K, used 10431K [0x00000000d5580000, 0x00000000d6280000, 0x0000000100000000)
  eden space 9728K, 99% used [0x00000000d5580000,0x00000000d5effff8,0x00000000d5f00000)
  from space 1536K, 45% used [0x00000000d5f80000,0x00000000d6030000,0x00000000d6100000)
  to   space 1024K, 0% used [0x00000000d6180000,0x00000000d6180000,0x00000000d6280000)
 ParOldGen       total 770048K, used 323489K [0x0000000080000000, 0x00000000af000000, 0x00000000d5580000)
  object space 770048K, 42% used [0x0000000080000000,0x0000000093be8460,0x00000000af000000)
 Metaspace       used 90906K, committed 92608K, reserved 1179648K
  class space    used 9286K, committed 10048K, reserved 1048576K
}
Event: 6624.443 GC heap after
{Heap after GC invocations=1213 (full 5):
 PSYoungGen      total 10752K, used 944K [0x00000000d5580000, 0x00000000d6280000, 0x0000000100000000)
  eden space 9728K, 0% used [0x00000000d5580000,0x00000000d5580000,0x00000000d5f00000)
  from space 1024K, 92% used [0x00000000d6180000,0x00000000d626c070,0x00000000d6280000)
  to   space 1024K, 0% used [0x00000000d6080000,0x00000000d6080000,0x00000000d6180000)
 ParOldGen       total 770048K, used 324113K [0x0000000080000000, 0x00000000af000000, 0x00000000d5580000)
  object space 770048K, 42% used [0x0000000080000000,0x0000000093c844f0,0x00000000af000000)
 Metaspace       used 90906K, committed 92608K, reserved 1179648K
  class space    used 9286K, committed 10048K, reserved 1048576K
}
Event: 6624.475 GC heap before
{Heap before GC invocations=1214 (full 5):
 PSYoungGen      total 10752K, used 10672K [0x00000000d5580000, 0x00000000d6280000, 0x0000000100000000)
  eden space 9728K, 100% used [0x00000000d5580000,0x00000000d5f00000,0x00000000d5f00000)
  from space 1024K, 92% used [0x00000000d6180000,0x00000000d626c070,0x00000000d6280000)
  to   space 1024K, 0% used [0x00000000d6080000,0x00000000d6080000,0x00000000d6180000)
 ParOldGen       total 770048K, used 324113K [0x0000000080000000, 0x00000000af000000, 0x00000000d5580000)
  object space 770048K, 42% used [0x0000000080000000,0x0000000093c844f0,0x00000000af000000)
 Metaspace       used 90921K, committed 92672K, reserved 1179648K
  class space    used 9287K, committed 10048K, reserved 1048576K
}
Event: 6624.478 GC heap after
{Heap after GC invocations=1214 (full 5):
 PSYoungGen      total 10752K, used 1008K [0x00000000d5580000, 0x00000000d6200000, 0x0000000100000000)
  eden space 9728K, 0% used [0x00000000d5580000,0x00000000d5580000,0x00000000d5f00000)
  from space 1024K, 98% used [0x00000000d6080000,0x00000000d617c030,0x00000000d6180000)
  to   space 512K, 0% used [0x00000000d6180000,0x00000000d6180000,0x00000000d6200000)
 ParOldGen       total 770048K, used 324518K [0x0000000080000000, 0x00000000af000000, 0x00000000d5580000)
  object space 770048K, 42% used [0x0000000080000000,0x0000000093ce9a90,0x00000000af000000)
 Metaspace       used 90921K, committed 92672K, reserved 1179648K
  class space    used 9287K, committed 10048K, reserved 1048576K
}
Event: 6624.511 GC heap before
{Heap before GC invocations=1215 (full 5):
 PSYoungGen      total 10752K, used 10736K [0x00000000d5580000, 0x00000000d6200000, 0x0000000100000000)
  eden space 9728K, 100% used [0x00000000d5580000,0x00000000d5f00000,0x00000000d5f00000)
  from space 1024K, 98% used [0x00000000d6080000,0x00000000d617c030,0x00000000d6180000)
  to   space 512K, 0% used [0x00000000d6180000,0x00000000d6180000,0x00000000d6200000)
 ParOldGen       total 770048K, used 324518K [0x0000000080000000, 0x00000000af000000, 0x00000000d5580000)
  object space 770048K, 42% used [0x0000000080000000,0x0000000093ce9a90,0x00000000af000000)
 Metaspace       used 90921K, committed 92672K, reserved 1179648K
  class space    used 9287K, committed 10048K, reserved 1048576K
}
Event: 6624.519 GC heap after
{Heap after GC invocations=1215 (full 5):
 PSYoungGen      total 10240K, used 512K [0x00000000d5580000, 0x00000000d6400000, 0x0000000100000000)
  eden space 9728K, 0% used [0x00000000d5580000,0x00000000d5580000,0x00000000d5f00000)
  from space 512K, 100% used [0x00000000d6180000,0x00000000d6200000,0x00000000d6200000)
  to   space 2560K, 0% used [0x00000000d5f00000,0x00000000d5f00000,0x00000000d6180000)
 ParOldGen       total 770048K, used 326218K [0x0000000080000000, 0x00000000af000000, 0x00000000d5580000)
  object space 770048K, 42% used [0x0000000080000000,0x0000000093e92b30,0x00000000af000000)
 Metaspace       used 90921K, committed 92672K, reserved 1179648K
  class space    used 9287K, committed 10048K, reserved 1048576K
}
Event: 6624.535 GC heap before
{Heap before GC invocations=1216 (full 5):
 PSYoungGen      total 10240K, used 10240K [0x00000000d5580000, 0x00000000d6400000, 0x0000000100000000)
  eden space 9728K, 100% used [0x00000000d5580000,0x00000000d5f00000,0x00000000d5f00000)
  from space 512K, 100% used [0x00000000d6180000,0x00000000d6200000,0x00000000d6200000)
  to   space 2560K, 0% used [0x00000000d5f00000,0x00000000d5f00000,0x00000000d6180000)
 ParOldGen       total 770048K, used 326218K [0x0000000080000000, 0x00000000af000000, 0x00000000d5580000)
  object space 770048K, 42% used [0x0000000080000000,0x0000000093e92b30,0x00000000af000000)
 Metaspace       used 90921K, committed 92672K, reserved 1179648K
  class space    used 9287K, committed 10048K, reserved 1048576K
}
Event: 6624.541 GC heap after
{Heap after GC invocations=1216 (full 5):
 PSYoungGen      total 11264K, used 1312K [0x00000000d5580000, 0x00000000d6300000, 0x0000000100000000)
  eden space 9728K, 0% used [0x00000000d5580000,0x00000000d5580000,0x00000000d5f00000)
  from space 1536K, 85% used [0x00000000d5f00000,0x00000000d6048000,0x00000000d6080000)
  to   space 2048K, 0% used [0x00000000d6100000,0x00000000d6100000,0x00000000d6300000)
 ParOldGen       total 770048K, used 326762K [0x0000000080000000, 0x00000000af000000, 0x00000000d5580000)
  object space 770048K, 42% used [0x0000000080000000,0x0000000093f1a820,0x00000000af000000)
 Metaspace       used 90921K, committed 92672K, reserved 1179648K
  class space    used 9287K, committed 10048K, reserved 1048576K
}
Event: 6624.582 GC heap before
{Heap before GC invocations=1217 (full 5):
 PSYoungGen      total 11264K, used 11040K [0x00000000d5580000, 0x00000000d6300000, 0x0000000100000000)
  eden space 9728K, 100% used [0x00000000d5580000,0x00000000d5f00000,0x00000000d5f00000)
  from space 1536K, 85% used [0x00000000d5f00000,0x00000000d6048000,0x00000000d6080000)
  to   space 2048K, 0% used [0x00000000d6100000,0x00000000d6100000,0x00000000d6300000)
 ParOldGen       total 770048K, used 326762K [0x0000000080000000, 0x00000000af000000, 0x00000000d5580000)
  object space 770048K, 42% used [0x0000000080000000,0x0000000093f1a820,0x00000000af000000)
 Metaspace       used 90922K, committed 92672K, reserved 1179648K
  class space    used 9287K, committed 10048K, reserved 1048576K
}
Event: 6624.589 GC heap after
{Heap after GC invocations=1217 (full 5):
 PSYoungGen      total 11264K, used 1296K [0x00000000d5580000, 0x00000000d6280000, 0x0000000100000000)
  eden space 9728K, 0% used [0x00000000d5580000,0x00000000d5580000,0x00000000d5f00000)
  from space 1536K, 84% used [0x00000000d6100000,0x00000000d6244050,0x00000000d6280000)
  to   space 1536K, 0% used [0x00000000d5f00000,0x00000000d5f00000,0x00000000d6080000)
 ParOldGen       total 770048K, used 327906K [0x0000000080000000, 0x00000000af000000, 0x00000000d5580000)
  object space 770048K, 42% used [0x0000000080000000,0x0000000094038890,0x00000000af000000)
 Metaspace       used 90922K, committed 92672K, reserved 1179648K
  class space    used 9287K, committed 10048K, reserved 1048576K
}
Event: 6640.407 GC heap before
{Heap before GC invocations=1218 (full 5):
 PSYoungGen      total 11264K, used 11024K [0x00000000d5580000, 0x00000000d6280000, 0x0000000100000000)
  eden space 9728K, 100% used [0x00000000d5580000,0x00000000d5f00000,0x00000000d5f00000)
  from space 1536K, 84% used [0x00000000d6100000,0x00000000d6244050,0x00000000d6280000)
  to   space 1536K, 0% used [0x00000000d5f00000,0x00000000d5f00000,0x00000000d6080000)
 ParOldGen       total 770048K, used 327906K [0x0000000080000000, 0x00000000af000000, 0x00000000d5580000)
  object space 770048K, 42% used [0x0000000080000000,0x0000000094038890,0x00000000af000000)
 Metaspace       used 90984K, committed 92736K, reserved 1179648K
  class space    used 9290K, committed 10048K, reserved 1048576K
}
Event: 6640.420 GC heap after
{Heap after GC invocations=1218 (full 5):
 PSYoungGen      total 11264K, used 1172K [0x00000000d5580000, 0x00000000d6200000, 0x0000000100000000)
  eden space 9728K, 0% used [0x00000000d5580000,0x00000000d5580000,0x00000000d5f00000)
  from space 1536K, 76% used [0x00000000d5f00000,0x00000000d6025200,0x00000000d6080000)
  to   space 1536K, 0% used [0x00000000d6080000,0x00000000d6080000,0x00000000d6200000)
 ParOldGen       total 770048K, used 329060K [0x0000000080000000, 0x00000000af000000, 0x00000000d5580000)
  object space 770048K, 42% used [0x0000000080000000,0x00000000941590a0,0x00000000af000000)
 Metaspace       used 90984K, committed 92736K, reserved 1179648K
  class space    used 9290K, committed 10048K, reserved 1048576K
}
Event: 6640.580 GC heap before
{Heap before GC invocations=1219 (full 5):
 PSYoungGen      total 11264K, used 10900K [0x00000000d5580000, 0x00000000d6200000, 0x0000000100000000)
  eden space 9728K, 100% used [0x00000000d5580000,0x00000000d5f00000,0x00000000d5f00000)
  from space 1536K, 76% used [0x00000000d5f00000,0x00000000d6025200,0x00000000d6080000)
  to   space 1536K, 0% used [0x00000000d6080000,0x00000000d6080000,0x00000000d6200000)
 ParOldGen       total 770048K, used 329060K [0x0000000080000000, 0x00000000af000000, 0x00000000d5580000)
  object space 770048K, 42% used [0x0000000080000000,0x00000000941590a0,0x00000000af000000)
 Metaspace       used 90987K, committed 92736K, reserved 1179648K
  class space    used 9290K, committed 10048K, reserved 1048576K
}
Event: 6640.587 GC heap after
{Heap after GC invocations=1219 (full 5):
 PSYoungGen      total 10752K, used 660K [0x00000000d5580000, 0x00000000d6180000, 0x0000000100000000)
  eden space 9728K, 0% used [0x00000000d5580000,0x00000000d5580000,0x00000000d5f00000)
  from space 1024K, 64% used [0x00000000d6080000,0x00000000d6125200,0x00000000d6180000)
  to   space 1024K, 0% used [0x00000000d5f80000,0x00000000d5f80000,0x00000000d6080000)
 ParOldGen       total 770048K, used 329564K [0x0000000080000000, 0x00000000af000000, 0x00000000d5580000)
  object space 770048K, 42% used [0x0000000080000000,0x00000000941d72f8,0x00000000af000000)
 Metaspace       used 90987K, committed 92736K, reserved 1179648K
  class space    used 9290K, committed 10048K, reserved 1048576K
}
Event: 6641.149 GC heap before
{Heap before GC invocations=1220 (full 5):
 PSYoungGen      total 10752K, used 10388K [0x00000000d5580000, 0x00000000d6180000, 0x0000000100000000)
  eden space 9728K, 100% used [0x00000000d5580000,0x00000000d5f00000,0x00000000d5f00000)
  from space 1024K, 64% used [0x00000000d6080000,0x00000000d6125200,0x00000000d6180000)
  to   space 1024K, 0% used [0x00000000d5f80000,0x00000000d5f80000,0x00000000d6080000)
 ParOldGen       total 770048K, used 329564K [0x0000000080000000, 0x00000000af000000, 0x00000000d5580000)
  object space 770048K, 42% used [0x0000000080000000,0x00000000941d72f8,0x00000000af000000)
 Metaspace       used 90990K, committed 92736K, reserved 1179648K
  class space    used 9290K, committed 10048K, reserved 1048576K
}
Event: 6641.155 GC heap after
{Heap after GC invocations=1220 (full 5):
 PSYoungGen      total 10752K, used 1012K [0x00000000d5580000, 0x00000000d6300000, 0x0000000100000000)
  eden space 9728K, 0% used [0x00000000d5580000,0x00000000d5580000,0x00000000d5f00000)
  from space 1024K, 98% used [0x00000000d5f80000,0x00000000d607d200,0x00000000d6080000)
  to   space 2048K, 0% used [0x00000000d6100000,0x00000000d6100000,0x00000000d6300000)
 ParOldGen       total 770048K, used 330198K [0x0000000080000000, 0x00000000af000000, 0x00000000d5580000)
  object space 770048K, 42% used [0x0000000080000000,0x0000000094275b80,0x00000000af000000)
 Metaspace       used 90990K, committed 92736K, reserved 1179648K
  class space    used 9290K, committed 10048K, reserved 1048576K
}
Event: 6641.215 GC heap before
{Heap before GC invocations=1221 (full 5):
 PSYoungGen      total 10752K, used 10740K [0x00000000d5580000, 0x00000000d6300000, 0x0000000100000000)
  eden space 9728K, 100% used [0x00000000d5580000,0x00000000d5f00000,0x00000000d5f00000)
  from space 1024K, 98% used [0x00000000d5f80000,0x00000000d607d200,0x00000000d6080000)
  to   space 2048K, 0% used [0x00000000d6100000,0x00000000d6100000,0x00000000d6300000)
 ParOldGen       total 770048K, used 330198K [0x0000000080000000, 0x00000000af000000, 0x00000000d5580000)
  object space 770048K, 42% used [0x0000000080000000,0x0000000094275b80,0x00000000af000000)
 Metaspace       used 91001K, committed 92736K, reserved 1179648K
  class space    used 9290K, committed 10048K, reserved 1048576K
}
Event: 6641.222 GC heap after
{Heap after GC invocations=1221 (full 5):
 PSYoungGen      total 10752K, used 772K [0x00000000d5580000, 0x00000000d6200000, 0x0000000100000000)
  eden space 9728K, 0% used [0x00000000d5580000,0x00000000d5580000,0x00000000d5f00000)
  from space 1024K, 75% used [0x00000000d6100000,0x00000000d61c1210,0x00000000d6200000)
  to   space 1536K, 0% used [0x00000000d5f00000,0x00000000d5f00000,0x00000000d6080000)
 ParOldGen       total 770048K, used 330844K [0x0000000080000000, 0x00000000af000000, 0x00000000d5580000)
  object space 770048K, 42% used [0x0000000080000000,0x0000000094317320,0x00000000af000000)
 Metaspace       used 91001K, committed 92736K, reserved 1179648K
  class space    used 9290K, committed 10048K, reserved 1048576K
}

